<?xml version="1.0" encoding="UTF-8"?>
<!-- Generated by org.testng.reporters.JUnitReportReporter -->
<testsuite hostname="DESKTOP-HGR09P9" failures="0" tests="7" name="com.dsAlgo.runner.Runner" time="10.648" errors="0" timestamp="2023-09-28T10:00:02 CDT" skipped="0">
  <testcase classname="com.dsAlgo.runner.Runner" name="runScenario" time="0.765"/>
  <system-out/>
  <testcase classname="com.dsAlgo.runner.Runner" name="runScenario" time="3.131"/>
  <system-out/>
  <testcase classname="com.dsAlgo.runner.Runner" name="runScenario" time="0.338"/>
  <system-out/>
  <testcase classname="com.dsAlgo.runner.Runner" name="runScenario" time="2.847"/>
  <system-out/>
  <testcase classname="com.dsAlgo.runner.Runner" name="runScenario" time="1.659"/>
  <system-out/>
  <testcase classname="com.dsAlgo.runner.Runner" name="runScenario" time="0.636"/>
  <system-out/>
  <testcase classname="com.dsAlgo.runner.Runner" name="runScenario" time="1.272"/>
  <system-out/>
</testsuite> <!-- com.dsAlgo.runner.Runner -->
